<?xml version="1.0" encoding="UTF-8"?>
<!-- Generated by org.testng.reporters.JUnitXMLReporter -->
<testsuite ignored="0" hostname="DESKTOP-RSKECIT" failures="0" tests="3" name="Default test" time="51.81" errors="0" timestamp="2022-08-23T15:50:01 IST">
  <testcase classname="com.Invoicepom.CreateInvoice" name="createOrg" time="8.383"/>
  <testcase classname="com.Invoicepom.CreateInvoice" name="createProd" time="8.493"/>
  <testcase classname="com.Invoicepom.CreateInvoice" name="createInvoice" time="14.332"/>
</testsuite> <!-- Default test -->
