<?xml version="1.0" encoding="UTF-8"?>
<!-- Generated by org.testng.reporters.JUnitXMLReporter -->
<testsuite ignored="7" hostname="DESKTOP-RSKECIT" failures="1" tests="2" name="Test" time="39.088" errors="0" timestamp="2022-08-23T15:51:00 IST">
  <testcase classname="com.Contactpom.ContactstoSalesTest" name="createContact" time="8.323"/>
  <testcase classname="com.Invoicepom.CreateInvoice" name="createProd" time="3.828">
    <failure type="java.lang.IllegalArgumentException" message="Keys to send should be a not null CharSequence">
      <![CDATA[java.lang.IllegalArgumentException: Keys to send should be a not null CharSequence
at org.openqa.selenium.remote.RemoteWebElement.sendKeys(RemoteWebElement.java:97)
at org.openqa.selenium.support.pagefactory.internal.LocatingElementHandler.invoke(LocatingElementHandler.java:51)
at jdk.proxy2/jdk.proxy2.$Proxy17.sendKeys(Unknown Source)
at com.Vtigerobjectrepository.CreateProductPage.createProd(CreateProductPage.java:42)
at com.Invoicepom.CreateInvoice.createProd(CreateInvoice.java:85)
at java.base/java.util.ArrayList.forEach(ArrayList.java:1511)
... Removed 31 stack frames]]>
    </failure>
  </testcase> <!-- createProd -->
  <testcase classname="com.Contactpom.ContactstoSalesTest" name="createOrg1" time="0.0">
    <ignored/>
  </testcase> <!-- createOrg1 -->
  <testcase classname="com.Contactpom.ContactstoSalesTest" name="createSalesOrder" time="0.0">
    <ignored/>
  </testcase> <!-- createSalesOrder -->
  <testcase classname="com.Invoicepom.CreateInvoice" name="createOrg" time="0.0">
    <ignored/>
  </testcase> <!-- createOrg -->
  <testcase classname="com.Invoicepom.CreateInvoice" name="createInvoice" time="0.0">
    <ignored/>
  </testcase> <!-- createInvoice -->
  <testcase classname="com.vTiger.GenericUtilities.BaseClass" name="@BeforeSuite dbConnect" time="0.0">
    <ignored/>
  </testcase> <!-- @BeforeSuite dbConnect -->
  <testcase classname="com.Contactpom.ContactstoSalesTest" name="createProd1" time="0.0">
    <ignored/>
  </testcase> <!-- createProd1 -->
  <testcase classname="com.vTiger.GenericUtilities.BaseClass" name="@AfterSuite dbDisconnect" time="0.0">
    <ignored/>
  </testcase> <!-- @AfterSuite dbDisconnect -->
</testsuite> <!-- Test -->
