<?xml version="1.0" encoding="UTF-8"?>
<!-- Generated by org.testng.reporters.JUnitXMLReporter -->
<testsuite ignored="0" hostname="DESKTOP-RSKECIT" failures="0" tests="3" name="Test2" time="57.415" errors="0" timestamp="2022-08-19T14:17:13 IST">
  <testcase classname="com.Invoicepom.CreateInvoice" name="createOrg" time="8.716"/>
  <testcase classname="com.Invoicepom.CreateInvoice" name="createProd" time="6.882"/>
  <testcase classname="com.Invoicepom.CreateInvoice" name="createInvoice" time="14.321"/>
</testsuite> <!-- Test2 -->
