<?xml version="1.0" encoding="UTF-8"?>
<testng-results ignored="7" total="9" passed="1" failed="1" skipped="0">
  <reporter-output>
  </reporter-output>
  <suite started-at="2022-08-23T15:50:21 IST" name="Suite" finished-at="2022-08-23T15:51:00 IST" duration-ms="39088">
    <groups>
      <group name="Smoke">
        <method signature="ContactstoSalesTest.createContact()[pri:1, instance:com.Contactpom.ContactstoSalesTest@54e1c68b]" name="createContact" class="com.Contactpom.ContactstoSalesTest"/>
      </group> <!-- Smoke -->
    </groups>
    <test started-at="2022-08-23T15:50:21 IST" name="Test" finished-at="2022-08-23T15:51:00 IST" duration-ms="39088">
      <class name="com.Invoicepom.CreateInvoice">
        <test-method is-config="true" signature="browserLaunch()[pri:0, instance:com.Invoicepom.CreateInvoice@2d52216b]" started-at="2022-08-23T15:50:45 IST" name="browserLaunch" finished-at="2022-08-23T15:50:47 IST" duration-ms="2007" status="PASS">
          <reporter-output>
          </reporter-output>
        </test-method> <!-- browserLaunch -->
        <test-method is-config="true" signature="loginToApp()[pri:0, instance:com.Invoicepom.CreateInvoice@2d52216b]" started-at="2022-08-23T15:50:47 IST" name="loginToApp" finished-at="2022-08-23T15:50:55 IST" duration-ms="7467" status="PASS">
          <reporter-output>
          </reporter-output>
        </test-method> <!-- loginToApp -->
        <test-method signature="createProd()[pri:2, instance:com.Invoicepom.CreateInvoice@2d52216b]" started-at="2022-08-23T15:50:55 IST" name="createProd" finished-at="2022-08-23T15:50:59 IST" duration-ms="3828" status="FAIL">
          <exception class="java.lang.IllegalArgumentException">
            <message>
              <![CDATA[Keys to send should be a not null CharSequence]]>
            </message>
            <full-stacktrace>
              <![CDATA[java.lang.IllegalArgumentException: Keys to send should be a not null CharSequence
at org.openqa.selenium.remote.RemoteWebElement.sendKeys(RemoteWebElement.java:97)
at java.base/jdk.internal.reflect.NativeMethodAccessorImpl.invoke0(Native Method)
at java.base/jdk.internal.reflect.NativeMethodAccessorImpl.invoke(NativeMethodAccessorImpl.java:78)
at java.base/jdk.internal.reflect.DelegatingMethodAccessorImpl.invoke(DelegatingMethodAccessorImpl.java:43)
at java.base/java.lang.reflect.Method.invoke(Method.java:567)
at org.openqa.selenium.support.pagefactory.internal.LocatingElementHandler.invoke(LocatingElementHandler.java:51)
at jdk.proxy2/jdk.proxy2.$Proxy17.sendKeys(Unknown Source)
at com.Vtigerobjectrepository.CreateProductPage.createProd(CreateProductPage.java:42)
at com.Invoicepom.CreateInvoice.createProd(CreateInvoice.java:85)
at java.base/jdk.internal.reflect.NativeMethodAccessorImpl.invoke0(Native Method)
at java.base/jdk.internal.reflect.NativeMethodAccessorImpl.invoke(NativeMethodAccessorImpl.java:78)
at java.base/jdk.internal.reflect.DelegatingMethodAccessorImpl.invoke(DelegatingMethodAccessorImpl.java:43)
at java.base/java.lang.reflect.Method.invoke(Method.java:567)
at org.testng.internal.MethodInvocationHelper.invokeMethod(MethodInvocationHelper.java:133)
at org.testng.internal.TestInvoker.invokeMethod(TestInvoker.java:598)
at org.testng.internal.TestInvoker.invokeTestMethod(TestInvoker.java:173)
at org.testng.internal.MethodRunner.runInSequence(MethodRunner.java:46)
at org.testng.internal.TestInvoker$MethodInvocationAgent.invoke(TestInvoker.java:824)
at org.testng.internal.TestInvoker.invokeTestMethods(TestInvoker.java:146)
at org.testng.internal.TestMethodWorker.invokeTestMethods(TestMethodWorker.java:146)
at org.testng.internal.TestMethodWorker.run(TestMethodWorker.java:128)
at java.base/java.util.ArrayList.forEach(ArrayList.java:1511)
at org.testng.TestRunner.privateRun(TestRunner.java:794)
at org.testng.TestRunner.run(TestRunner.java:596)
at org.testng.SuiteRunner.runTest(SuiteRunner.java:377)
at org.testng.SuiteRunner.runSequentially(SuiteRunner.java:371)
at org.testng.SuiteRunner.privateRun(SuiteRunner.java:332)
at org.testng.SuiteRunner.run(SuiteRunner.java:276)
at org.testng.SuiteRunnerWorker.runSuite(SuiteRunnerWorker.java:53)
at org.testng.SuiteRunnerWorker.run(SuiteRunnerWorker.java:96)
at org.testng.TestNG.runSuitesSequentially(TestNG.java:1212)
at org.testng.TestNG.runSuitesLocally(TestNG.java:1134)
at org.testng.TestNG.runSuites(TestNG.java:1063)
at org.testng.TestNG.run(TestNG.java:1031)
at org.testng.remote.AbstractRemoteTestNG.run(AbstractRemoteTestNG.java:115)
at org.testng.remote.RemoteTestNG.initAndRun(RemoteTestNG.java:251)
at org.testng.remote.RemoteTestNG.main(RemoteTestNG.java:77)
]]>
            </full-stacktrace>
          </exception> <!-- java.lang.IllegalArgumentException -->
          <reporter-output>
          </reporter-output>
        </test-method> <!-- createProd -->
        <test-method is-config="true" signature="logoutToApp()[pri:0, instance:com.Invoicepom.CreateInvoice@2d52216b]" started-at="2022-08-23T15:50:59 IST" name="logoutToApp" finished-at="2022-08-23T15:51:00 IST" duration-ms="1196" status="PASS">
          <reporter-output>
          </reporter-output>
        </test-method> <!-- logoutToApp -->
        <test-method is-config="true" signature="closeBrowser()[pri:0, instance:com.Invoicepom.CreateInvoice@2d52216b]" started-at="2022-08-23T15:51:00 IST" name="closeBrowser" finished-at="2022-08-23T15:51:00 IST" duration-ms="166" status="PASS">
          <reporter-output>
          </reporter-output>
        </test-method> <!-- closeBrowser -->
      </class> <!-- com.Invoicepom.CreateInvoice -->
      <class name="com.Contactpom.ContactstoSalesTest">
        <test-method is-config="true" signature="dbConnect()[pri:0, instance:com.Contactpom.ContactstoSalesTest@54e1c68b]" started-at="2022-08-23T15:50:21 IST" name="dbConnect" finished-at="2022-08-23T15:50:21 IST" duration-ms="12" status="PASS">
          <reporter-output>
          </reporter-output>
        </test-method> <!-- dbConnect -->
        <test-method is-config="true" signature="browserLaunch()[pri:0, instance:com.Contactpom.ContactstoSalesTest@54e1c68b]" started-at="2022-08-23T15:50:21 IST" name="browserLaunch" finished-at="2022-08-23T15:50:25 IST" duration-ms="3587" status="PASS">
          <reporter-output>
          </reporter-output>
        </test-method> <!-- browserLaunch -->
        <test-method is-config="true" signature="loginToApp()[pri:0, instance:com.Contactpom.ContactstoSalesTest@54e1c68b]" started-at="2022-08-23T15:50:25 IST" name="loginToApp" finished-at="2022-08-23T15:50:36 IST" duration-ms="10871" status="PASS">
          <reporter-output>
          </reporter-output>
        </test-method> <!-- loginToApp -->
        <test-method signature="createContact()[pri:1, instance:com.Contactpom.ContactstoSalesTest@54e1c68b]" started-at="2022-08-23T15:50:36 IST" name="createContact" finished-at="2022-08-23T15:50:44 IST" duration-ms="8323" status="PASS">
          <reporter-output>
          </reporter-output>
        </test-method> <!-- createContact -->
        <test-method is-config="true" signature="logoutToApp()[pri:0, instance:com.Contactpom.ContactstoSalesTest@54e1c68b]" started-at="2022-08-23T15:50:44 IST" name="logoutToApp" finished-at="2022-08-23T15:50:45 IST" duration-ms="1166" status="PASS">
          <reporter-output>
          </reporter-output>
        </test-method> <!-- logoutToApp -->
        <test-method is-config="true" signature="closeBrowser()[pri:0, instance:com.Contactpom.ContactstoSalesTest@54e1c68b]" started-at="2022-08-23T15:50:45 IST" name="closeBrowser" finished-at="2022-08-23T15:50:45 IST" duration-ms="192" status="PASS">
          <reporter-output>
          </reporter-output>
        </test-method> <!-- closeBrowser -->
        <test-method is-config="true" signature="dbDisconnect()[pri:0, instance:com.Contactpom.ContactstoSalesTest@54e1c68b]" started-at="2022-08-23T15:51:00 IST" name="dbDisconnect" finished-at="2022-08-23T15:51:00 IST" duration-ms="1" status="PASS">
          <reporter-output>
          </reporter-output>
        </test-method> <!-- dbDisconnect -->
      </class> <!-- com.Contactpom.ContactstoSalesTest -->
    </test> <!-- Test -->
  </suite> <!-- Suite -->
</testng-results>
